#
# A fatal error has been detected by the Java Runtime Environment:
#
#  EXCEPTION_ACCESS_VIOLATION (0xc0000005) at pc=0x000000006e707ab6, pid=11392, tid=0x0000000000002e20
#
# JRE version: Java(TM) SE Runtime Environment (8.0_231-b11) (build 1.8.0_231-b11)
# Java VM: Java HotSpot(TM) 64-Bit Server VM (25.231-b11 mixed mode windows-amd64 compressed oops)
# Problematic frame:
# V  [jvm.dll+0x237ab6]
#
# Failed to write core dump. Minidumps are not enabled by default on client versions of Windows
#
# If you would like to submit a bug report, please visit:
#   http://bugreport.java.com/bugreport/crash.jsp
#

---------------  T H R E A D  ---------------

Current thread (0x0000000017508800):  VMThread [stack: 0x00000000191e0000,0x00000000192e0000] [id=11808]

siginfo: ExceptionCode=0xc0000005, reading address 0x00000000008d0094

Registers:
RAX=0x00000000008d008c, RBX=0x00000000192ded30, RCX=0x00000000192ded30, RDX=0x00000000008d0028
RSP=0x00000000192dea60, RBP=0x00000000192df270, RSI=0x0000000000000000, RDI=0x00000000192df400
R8 =0x0000000000000000, R9 =0x000000001d70d760, R10=0x0000000000000008, R11=0x000000006eadaf98
R12=0x00000000025b3540, R13=0x00000000192df230, R14=0x00000000000003d8, R15=0x00000000192df220
RIP=0x000000006e707ab6, EFLAGS=0x0000000000010202

Top of Stack: (sp=0x00000000192dea60)
0x00000000192dea60:   0000000000000000 0000000000000000
0x00000000192dea70:   00000000e7659ab8 00000000e7584e18
0x00000000192dea80:   00000000e7584970 00000000e7659b68
0x00000000192dea90:   00000000e7659bd0 00000000e7659c38
0x00000000192deaa0:   00000000e7659ca0 00000000e7583d10
0x00000000192deab0:   0000000020e3f6e0 0000000020e3f6e0
0x00000000192deac0:   00000000e7583400 00000000e7659e10
0x00000000192dead0:   00000000e7659e78 00000000e7582d70
0x00000000192deae0:   00000000e7659ef8 00000000e7659ef8
0x00000000192deaf0:   00000000e7659f60 00000000e7659fc8
0x00000000192deb00:   00000000e75824a0 00000000e765a048
0x00000000192deb10:   00000000e765a0b0 00000000e7580e40
0x00000000192deb20:   00000000e7581728 00000000e7581db8
0x00000000192deb30:   00000000e765a140 00000000e7580c00
0x00000000192deb40:   00000000e765a1a8 00000000e765a210
0x00000000192deb50:   00000000e75802a8 00000000e757eed8 

Instructions: (pc=0x000000006e707ab6)
0x000000006e707a96:   01 00 00 48 8b 05 e0 dd 5b 00 48 33 c4 48 89 84
0x000000006e707aa6:   24 30 01 00 00 4c 63 41 10 48 8b 41 08 48 8b d9
0x000000006e707ab6:   42 38 54 00 08 74 33 44 0f be c2 48 8d 4c 24 20
0x000000006e707ac6:   48 8d 15 43 0a 3f 00 e8 ee e0 de ff 48 8d 0d c7 


Register to memory mapping:

RAX=0x00000000008d008c is an unknown value
RBX=0x00000000192ded30 is an unknown value
RCX=0x00000000192ded30 is an unknown value
RDX=0x00000000008d0028 is an unknown value
RSP=0x00000000192dea60 is an unknown value
RBP=0x00000000192df270 is an unknown value
RSI=0x0000000000000000 is an unknown value
RDI=0x00000000192df400 is an unknown value
R8 =0x0000000000000000 is an unknown value
R9 =0x000000001d70d760 is pointing into metadata
R10=0x0000000000000008 is an unknown value
R11=0x000000006eadaf98 is an unknown value
R12=0x00000000025b3540 is an unknown value
R13=0x00000000192df230 is an unknown value
R14=0x00000000000003d8 is an unknown value
R15=0x00000000192df220 is an unknown value


Stack: [0x00000000191e0000,0x00000000192e0000],  sp=0x00000000192dea60,  free space=1018k
Native frames: (J=compiled Java code, j=interpreted, Vv=VM code, C=native code)
V  [jvm.dll+0x237ab6]
V  [jvm.dll+0x238134]
V  [jvm.dll+0xff5d3]
V  [jvm.dll+0x10271b]
V  [jvm.dll+0x10318f]
V  [jvm.dll+0x1039d5]
V  [jvm.dll+0x103c22]
V  [jvm.dll+0xc50be]
V  [jvm.dll+0xc5748]
V  [jvm.dll+0xc587a]
V  [jvm.dll+0xc5a78]
V  [jvm.dll+0x10fb2a]
V  [jvm.dll+0x12d3ef]
V  [jvm.dll+0x1bf54f]
V  [jvm.dll+0x24d677]
V  [jvm.dll+0x24c916]
V  [jvm.dll+0x24cdb1]
V  [jvm.dll+0x24cfce]
V  [jvm.dll+0x29fd8a]
C  [msvcr100.dll+0x21d9f]
C  [msvcr100.dll+0x21e3b]
C  [KERNEL32.DLL+0x17bd4]
C  [ntdll.dll+0x6ced1]

VM_Operation (0x000000001a03f0b0): GetOrSetLocal, mode: safepoint, requested by thread 0x0000000019333000


---------------  P R O C E S S  ---------------

Java Threads: ( => current thread )
  0x000000001e760800 JavaThread "DestroyJavaVM" [_thread_blocked, id=3636, stack(0x0000000002400000,0x0000000002500000)]
  0x000000001e75e000 JavaThread "http-nio-8080-Acceptor" daemon [_thread_in_native, id=13924, stack(0x0000000021840000,0x0000000021940000)]
  0x000000001e75a800 JavaThread "http-nio-8080-ClientPoller" daemon [_thread_in_native, id=14940, stack(0x0000000021740000,0x0000000021840000)]
  0x000000001e753000 JavaThread "http-nio-8080-exec-10" daemon [_thread_blocked, id=11400, stack(0x0000000021640000,0x0000000021740000)]
  0x000000001e758000 JavaThread "http-nio-8080-exec-9" daemon [_thread_blocked, id=272, stack(0x0000000021540000,0x0000000021640000)]
  0x000000001e759000 JavaThread "http-nio-8080-exec-8" daemon [_thread_blocked, id=14260, stack(0x0000000021440000,0x0000000021540000)]
  0x000000001e756000 JavaThread "http-nio-8080-exec-7" daemon [_thread_blocked, id=11488, stack(0x0000000021340000,0x0000000021440000)]
  0x000000001e757800 JavaThread "http-nio-8080-exec-6" daemon [_thread_blocked, id=11720, stack(0x0000000021240000,0x0000000021340000)]
  0x000000001e759800 JavaThread "http-nio-8080-exec-5" daemon [_thread_blocked, id=9536, stack(0x0000000021140000,0x0000000021240000)]
  0x000000001e754800 JavaThread "http-nio-8080-exec-4" daemon [_thread_blocked, id=9420, stack(0x0000000021040000,0x0000000021140000)]
  0x000000001e753800 JavaThread "http-nio-8080-exec-3" daemon [_thread_blocked, id=4328, stack(0x0000000020f40000,0x0000000021040000)]
  0x000000001e755000 JavaThread "http-nio-8080-exec-2" daemon [_thread_blocked, id=3780, stack(0x0000000020e40000,0x0000000020f40000)]
  0x000000001e756800 JavaThread "http-nio-8080-exec-1" daemon [_thread_blocked, id=11680, stack(0x0000000020d40000,0x0000000020e40000)]
  0x000000001c1d4800 JavaThread "http-nio-8080-BlockPoller" daemon [_thread_in_native, id=1684, stack(0x000000001fd40000,0x000000001fe40000)]
  0x000000001c1d0800 JavaThread "RMI TCP Connection(18)-127.0.0.1" daemon [_thread_in_native, id=9212, stack(0x000000001fe40000,0x000000001ff40000)]
  0x000000001c1d7800 JavaThread "HikariPool-1 housekeeper" daemon [_thread_blocked, id=10224, stack(0x000000001fa40000,0x000000001fb40000)]
  0x000000001c1d6800 JavaThread "mysql-cj-abandoned-connection-cleanup" daemon [_thread_blocked, id=13664, stack(0x000000001f440000,0x000000001f540000)]
  0x000000001c1d5000 JavaThread "container-0" [_thread_blocked, id=5588, stack(0x000000001f340000,0x000000001f440000)]
  0x000000001c1d2000 JavaThread "Catalina-utility-2" [_thread_blocked, id=5760, stack(0x000000001f240000,0x000000001f340000)]
  0x000000001c1d6000 JavaThread "Catalina-utility-1" [_thread_blocked, id=7968, stack(0x000000001f140000,0x000000001f240000)]
  0x000000001b493800 JavaThread "JMX server connection timeout 21" daemon [_thread_blocked, id=12680, stack(0x000000001ca70000,0x000000001cb70000)]
  0x000000001b496800 JavaThread "RMI Scheduler(0)" daemon [_thread_blocked, id=2976, stack(0x000000001c770000,0x000000001c870000)]
  0x000000001ae71000 JavaThread "RMI TCP Accept-0" daemon [_thread_in_native, id=5328, stack(0x000000001b140000,0x000000001b240000)]
  0x000000001ae61000 JavaThread "RMI TCP Accept-51209" daemon [_thread_in_native, id=2208, stack(0x000000001b040000,0x000000001b140000)]
  0x000000001ae52000 JavaThread "RMI TCP Accept-0" daemon [_thread_in_native, id=8136, stack(0x000000001af40000,0x000000001b040000)]
  0x00000000193eb800 JavaThread "Service Thread" daemon [_thread_blocked, id=11828, stack(0x000000001a640000,0x000000001a740000)]
  0x0000000019355800 JavaThread "C1 CompilerThread3" daemon [_thread_blocked, id=9792, stack(0x000000001a540000,0x000000001a640000)]
  0x0000000019354800 JavaThread "C2 CompilerThread2" daemon [_thread_blocked, id=2424, stack(0x000000001a440000,0x000000001a540000)]
  0x0000000019353000 JavaThread "C2 CompilerThread1" daemon [_thread_blocked, id=1444, stack(0x000000001a340000,0x000000001a440000)]
  0x000000001934c800 JavaThread "C2 CompilerThread0" daemon [_thread_blocked, id=12552, stack(0x000000001a240000,0x000000001a340000)]
  0x0000000019338800 JavaThread "JDWP Command Reader" daemon [_thread_in_native, id=7100, stack(0x000000001a140000,0x000000001a240000)]
  0x0000000019337000 JavaThread "JDWP Event Helper Thread" daemon [_thread_blocked, id=11804, stack(0x000000001a040000,0x000000001a140000)]
  0x0000000019333000 JavaThread "JDWP Transport Listener: dt_socket" daemon [_thread_blocked, id=8348, stack(0x0000000019f40000,0x000000001a040000)]
  0x000000001931d800 JavaThread "Attach Listener" daemon [_thread_blocked, id=13892, stack(0x0000000019b00000,0x0000000019c00000)]
  0x000000001931c800 JavaThread "Signal Dispatcher" daemon [_thread_blocked, id=2116, stack(0x0000000019a00000,0x0000000019b00000)]
  0x0000000017516800 JavaThread "Finalizer" daemon [_thread_blocked, id=2416, stack(0x00000000197e0000,0x00000000198e0000)]
  0x0000000017510800 JavaThread "Reference Handler" daemon [_thread_blocked, id=9468, stack(0x00000000196e0000,0x00000000197e0000)]

Other Threads:
=>0x0000000017508800 VMThread [stack: 0x00000000191e0000,0x00000000192e0000] [id=11808]
  0x000000001ae75800 WatcherThread [stack: 0x000000001b240000,0x000000001b340000] [id=13432]

VM state:at safepoint (normal execution)

VM Mutex/Monitor currently owned by a thread:  ([mutex/lock_event])
[0x0000000002507350] Threads_lock - owner thread: 0x0000000017508800

heap address: 0x0000000082400000, size: 2012 MB, Compressed Oops mode: 32-bit
Narrow klass base: 0x0000000000000000, Narrow klass shift: 3
Compressed class space size: 1073741824 Address: 0x0000000100000000

Heap:
 PSYoungGen      total 275968K, used 136581K [0x00000000d6180000, 0x00000000e9f80000, 0x0000000100000000)
  eden space 252416K, 44% used [0x00000000d6180000,0x00000000dcfe6e08,0x00000000e5800000)
  from space 23552K, 99% used [0x00000000e7380000,0x00000000e8a7a728,0x00000000e8a80000)
  to   space 28160K, 0% used [0x00000000e5800000,0x00000000e5800000,0x00000000e7380000)
 ParOldGen       total 117760K, used 31627K [0x0000000082400000, 0x0000000089700000, 0x00000000d6180000)
  object space 117760K, 26% used [0x0000000082400000,0x00000000842e2f90,0x0000000089700000)
 Metaspace       used 71950K, capacity 74633K, committed 74904K, reserved 1114112K
  class space    used 8841K, capacity 9318K, committed 9384K, reserved 1048576K

Card table byte_map: [0x00000000119c0000,0x0000000011db0000] byte_map_base: 0x00000000115ae000

Marking Bits: (ParMarkBitMap*) 0x000000006ecf6d90
 Begin Bits: [0x0000000012850000, 0x00000000147c0000)
 End Bits:   [0x00000000147c0000, 0x0000000016730000)

Polling page: 0x00000000009e0000

CodeCache: size=245760Kb used=10337Kb max_used=10381Kb free=235422Kb
 bounds [0x0000000002600000, 0x0000000003030000, 0x0000000011600000]
 total_blobs=5505 nmethods=4888 adapters=536
 compilation: enabled

Compilation events (10 events):
Event: 385.437 Thread 0x0000000019355800 4987       1       java.util.concurrent.ConcurrentHashMap$ValueIterator::next (34 bytes)
Event: 385.438 Thread 0x0000000019355800 nmethod 4987 0x0000000002bdd850 code [0x0000000002bdd9c0, 0x0000000002bddb98]
Event: 402.976 Thread 0x0000000019355800 4988       1       org.apache.tomcat.util.net.NioEndpoint::access$200 (5 bytes)
Event: 402.976 Thread 0x0000000019355800 nmethod 4988 0x0000000002c13b10 code [0x0000000002c13c60, 0x0000000002c13d50]
Event: 415.460 Thread 0x0000000019355800 4989       1       java.util.EventObject::getSource (5 bytes)
Event: 415.461 Thread 0x0000000019355800 nmethod 4989 0x0000000002c03750 code [0x0000000002c038a0, 0x0000000002c039b0]
Event: 425.461 Thread 0x0000000019355800 4990   !   1       org.apache.catalina.core.ContainerBase::getRealmInternal (38 bytes)
Event: 425.461 Thread 0x0000000019355800 nmethod 4990 0x0000000002ccc150 code [0x0000000002ccc300, 0x0000000002ccc618]
Event: 425.462 Thread 0x0000000019355800 4991   !   1       org.apache.catalina.core.ContainerBase::getClusterInternal (38 bytes)
Event: 425.462 Thread 0x0000000019355800 nmethod 4991 0x0000000002dc0450 code [0x0000000002dc0600, 0x0000000002dc0918]

GC Heap History (10 events):
Event: 5.301 GC heap before
{Heap before GC invocations=11 (full 2):
 PSYoungGen      total 165376K, used 16817K [0x00000000d6180000, 0x00000000e5680000, 0x0000000100000000)
  eden space 147968K, 0% used [0x00000000d6180000,0x00000000d6180000,0x00000000df200000)
  from space 17408K, 96% used [0x00000000df200000,0x00000000e026c530,0x00000000e0300000)
  to   space 19968K, 0% used [0x00000000e4300000,0x00000000e4300000,0x00000000e5680000)
 ParOldGen       total 59904K, used 17273K [0x0000000082400000, 0x0000000085e80000, 0x00000000d6180000)
  object space 59904K, 28% used [0x0000000082400000,0x00000000834de7b8,0x0000000085e80000)
 Metaspace       used 33893K, capacity 35458K, committed 35496K, reserved 1079296K
  class space    used 4422K, capacity 4741K, committed 4776K, reserved 1048576K
Event: 5.393 GC heap after
Heap after GC invocations=11 (full 2):
 PSYoungGen      total 165376K, used 0K [0x00000000d6180000, 0x00000000e5680000, 0x0000000100000000)
  eden space 147968K, 0% used [0x00000000d6180000,0x00000000d6180000,0x00000000df200000)
  from space 17408K, 0% used [0x00000000df200000,0x00000000df200000,0x00000000e0300000)
  to   space 19968K, 0% used [0x00000000e4300000,0x00000000e4300000,0x00000000e5680000)
 ParOldGen       total 94208K, used 22574K [0x0000000082400000, 0x0000000088000000, 0x00000000d6180000)
  object space 94208K, 23% used [0x0000000082400000,0x0000000083a0b910,0x0000000088000000)
 Metaspace       used 33893K, capacity 35458K, committed 35496K, reserved 1079296K
  class space    used 4422K, capacity 4741K, committed 4776K, reserved 1048576K
}
Event: 8.235 GC heap before
{Heap before GC invocations=12 (full 2):
 PSYoungGen      total 165376K, used 147968K [0x00000000d6180000, 0x00000000e5680000, 0x0000000100000000)
  eden space 147968K, 100% used [0x00000000d6180000,0x00000000df200000,0x00000000df200000)
  from space 17408K, 0% used [0x00000000df200000,0x00000000df200000,0x00000000e0300000)
  to   space 19968K, 0% used [0x00000000e4300000,0x00000000e4300000,0x00000000e5680000)
 ParOldGen       total 94208K, used 22574K [0x0000000082400000, 0x0000000088000000, 0x00000000d6180000)
  object space 94208K, 23% used [0x0000000082400000,0x0000000083a0b910,0x0000000088000000)
 Metaspace       used 49464K, capacity 51330K, committed 51624K, reserved 1093632K
  class space    used 6704K, capacity 7063K, committed 7080K, reserved 1048576K
Event: 8.258 GC heap after
Heap after GC invocations=12 (full 2):
 PSYoungGen      total 218112K, used 19963K [0x00000000d6180000, 0x00000000e5680000, 0x0000000100000000)
  eden space 198144K, 0% used [0x00000000d6180000,0x00000000d6180000,0x00000000e2300000)
  from space 19968K, 99% used [0x00000000e4300000,0x00000000e567ed00,0x00000000e5680000)
  to   space 22528K, 0% used [0x00000000e2a80000,0x00000000e2a80000,0x00000000e4080000)
 ParOldGen       total 94208K, used 22842K [0x0000000082400000, 0x0000000088000000, 0x00000000d6180000)
  object space 94208K, 24% used [0x0000000082400000,0x0000000083a4eb58,0x0000000088000000)
 Metaspace       used 49464K, capacity 51330K, committed 51624K, reserved 1093632K
  class space    used 6704K, capacity 7063K, committed 7080K, reserved 1048576K
}
Event: 33.068 GC heap before
{Heap before GC invocations=13 (full 2):
 PSYoungGen      total 218112K, used 193050K [0x00000000d6180000, 0x00000000e5680000, 0x0000000100000000)
  eden space 198144K, 87% used [0x00000000d6180000,0x00000000e0a87c28,0x00000000e2300000)
  from space 19968K, 99% used [0x00000000e4300000,0x00000000e567ed00,0x00000000e5680000)
  to   space 22528K, 0% used [0x00000000e2a80000,0x00000000e2a80000,0x00000000e4080000)
 ParOldGen       total 94208K, used 22842K [0x0000000082400000, 0x0000000088000000, 0x00000000d6180000)
  object space 94208K, 24% used [0x0000000082400000,0x0000000083a4eb58,0x0000000088000000)
 Metaspace       used 56360K, capacity 59026K, committed 59160K, reserved 1099776K
  class space    used 7644K, capacity 8152K, committed 8232K, reserved 1048576K
Event: 33.089 GC heap after
Heap after GC invocations=13 (full 2):
 PSYoungGen      total 228352K, used 16444K [0x00000000d6180000, 0x00000000e8a80000, 0x0000000100000000)
  eden space 205824K, 0% used [0x00000000d6180000,0x00000000d6180000,0x00000000e2a80000)
  from space 22528K, 72% used [0x00000000e2a80000,0x00000000e3a8f2f0,0x00000000e4080000)
  to   space 23552K, 0% used [0x00000000e7380000,0x00000000e7380000,0x00000000e8a80000)
 ParOldGen       total 94208K, used 22850K [0x0000000082400000, 0x0000000088000000, 0x00000000d6180000)
  object space 94208K, 24% used [0x0000000082400000,0x0000000083a50b58,0x0000000088000000)
 Metaspace       used 56360K, capacity 59026K, committed 59160K, reserved 1099776K
  class space    used 7644K, capacity 8152K, committed 8232K, reserved 1048576K
}
Event: 33.089 GC heap before
{Heap before GC invocations=14 (full 3):
 PSYoungGen      total 228352K, used 16444K [0x00000000d6180000, 0x00000000e8a80000, 0x0000000100000000)
  eden space 205824K, 0% used [0x00000000d6180000,0x00000000d6180000,0x00000000e2a80000)
  from space 22528K, 72% used [0x00000000e2a80000,0x00000000e3a8f2f0,0x00000000e4080000)
  to   space 23552K, 0% used [0x00000000e7380000,0x00000000e7380000,0x00000000e8a80000)
 ParOldGen       total 94208K, used 22850K [0x0000000082400000, 0x0000000088000000, 0x00000000d6180000)
  object space 94208K, 24% used [0x0000000082400000,0x0000000083a50b58,0x0000000088000000)
 Metaspace       used 56360K, capacity 59026K, committed 59160K, reserved 1099776K
  class space    used 7644K, capacity 8152K, committed 8232K, reserved 1048576K
Event: 33.325 GC heap after
Heap after GC invocations=14 (full 3):
 PSYoungGen      total 228352K, used 0K [0x00000000d6180000, 0x00000000e8a80000, 0x0000000100000000)
  eden space 205824K, 0% used [0x00000000d6180000,0x00000000d6180000,0x00000000e2a80000)
  from space 22528K, 0% used [0x00000000e2a80000,0x00000000e2a80000,0x00000000e4080000)
  to   space 23552K, 0% used [0x00000000e7380000,0x00000000e7380000,0x00000000e8a80000)
 ParOldGen       total 117760K, used 28459K [0x0000000082400000, 0x0000000089700000, 0x00000000d6180000)
  object space 117760K, 24% used [0x0000000082400000,0x0000000083fcafc0,0x0000000089700000)
 Metaspace       used 56360K, capacity 59026K, committed 59160K, reserved 1099776K
  class space    used 7644K, capacity 8152K, committed 8232K, reserved 1048576K
}
Event: 35.433 GC heap before
{Heap before GC invocations=15 (full 3):
 PSYoungGen      total 228352K, used 205819K [0x00000000d6180000, 0x00000000e8a80000, 0x0000000100000000)
  eden space 205824K, 99% used [0x00000000d6180000,0x00000000e2a7ed48,0x00000000e2a80000)
  from space 22528K, 0% used [0x00000000e2a80000,0x00000000e2a80000,0x00000000e4080000)
  to   space 23552K, 0% used [0x00000000e7380000,0x00000000e7380000,0x00000000e8a80000)
 ParOldGen       total 117760K, used 28459K [0x0000000082400000, 0x0000000089700000, 0x00000000d6180000)
  object space 117760K, 24% used [0x0000000082400000,0x0000000083fcafc0,0x0000000089700000)
 Metaspace       used 66960K, capacity 69673K, committed 69912K, reserved 1110016K
  class space    used 8407K, capacity 8902K, committed 9000K, reserved 1048576K
Event: 35.455 GC heap after
Heap after GC invocations=15 (full 3):
 PSYoungGen      total 275968K, used 23529K [0x00000000d6180000, 0x00000000e9f80000, 0x0000000100000000)
  eden space 252416K, 0% used [0x00000000d6180000,0x00000000d6180000,0x00000000e5800000)
  from space 23552K, 99% used [0x00000000e7380000,0x00000000e8a7a728,0x00000000e8a80000)
  to   space 28160K, 0% used [0x00000000e5800000,0x00000000e5800000,0x00000000e7380000)
 ParOldGen       total 117760K, used 31627K [0x0000000082400000, 0x0000000089700000, 0x00000000d6180000)
  object space 117760K, 26% used [0x0000000082400000,0x00000000842e2f90,0x0000000089700000)
 Metaspace       used 66960K, capacity 69673K, committed 69912K, reserved 1110016K
  class space    used 8407K, capacity 8902K, committed 9000K, reserved 1048576K
}

Deoptimization events (0 events):
No events

Classes redefined (2 events):
Event: 280.298 Thread 0x0000000017508800 redefined class name=myapp.StorageConnectorBean, count=1
Event: 429.276 Thread 0x0000000017508800 redefined class name=myapp.StorageConnectorBean, count=2

Internal exceptions (10 events):
Event: 34.571 Thread 0x000000001c1d0800 Exception <a 'java/lang/ClassNotFoundException': org/springframework/context/support/LiveBeansView> (0x00000000dc782820) thrown at [C:\re\workspace\8-2-build-windows-amd64-cygwin\jdk8u231\13620\hotspot\src\share\vm\classfile\systemDictionary.cpp, line 210
Event: 34.571 Thread 0x000000001c1d0800 Exception <a 'java/lang/ClassNotFoundException': org/springframework/context/support/LiveBeansView> (0x00000000dc782b78) thrown at [C:\re\workspace\8-2-build-windows-amd64-cygwin\jdk8u231\13620\hotspot\src\share\vm\classfile\systemDictionary.cpp, line 210
Event: 34.573 Thread 0x000000001c1d0800 Exception <a 'java/lang/ClassNotFoundException': org/springframework/context/support/LiveBeansView> (0x00000000dc7a3810) thrown at [C:\re\workspace\8-2-build-windows-amd64-cygwin\jdk8u231\13620\hotspot\src\share\vm\classfile\systemDictionary.cpp, line 210
Event: 34.573 Thread 0x000000001c1d0800 Exception <a 'java/lang/ClassNotFoundException': org/springframework/context/support/LiveBeansView> (0x00000000dc7a3cd0) thrown at [C:\re\workspace\8-2-build-windows-amd64-cygwin\jdk8u231\13620\hotspot\src\share\vm\classfile\systemDictionary.cpp, line 210
Event: 34.573 Thread 0x000000001c1d0800 Exception <a 'java/lang/ClassNotFoundException': org/springframework/context/support/LiveBeansView> (0x00000000dc7a4768) thrown at [C:\re\workspace\8-2-build-windows-amd64-cygwin\jdk8u231\13620\hotspot\src\share\vm\classfile\systemDictionary.cpp, line 210
Event: 34.573 Thread 0x000000001c1d0800 Exception <a 'java/lang/ClassNotFoundException': org/springframework/context/support/LiveBeansView> (0x00000000dc7a4a90) thrown at [C:\re\workspace\8-2-build-windows-amd64-cygwin\jdk8u231\13620\hotspot\src\share\vm\classfile\systemDictionary.cpp, line 210
Event: 34.574 Thread 0x000000001c1d0800 Exception <a 'java/lang/ClassNotFoundException': org/springframework/context/support/LiveBeansView> (0x00000000dc7a5088) thrown at [C:\re\workspace\8-2-build-windows-amd64-cygwin\jdk8u231\13620\hotspot\src\share\vm\classfile\systemDictionary.cpp, line 210
Event: 34.574 Thread 0x000000001c1d0800 Exception <a 'java/lang/ClassNotFoundException': org/springframework/context/support/LiveBeansView> (0x00000000dc7a5518) thrown at [C:\re\workspace\8-2-build-windows-amd64-cygwin\jdk8u231\13620\hotspot\src\share\vm\classfile\systemDictionary.cpp, line 210
Event: 34.574 Thread 0x000000001c1d0800 Exception <a 'java/lang/ClassNotFoundException': org/springframework/context/support/LiveBeansView> (0x00000000dc7a5e98) thrown at [C:\re\workspace\8-2-build-windows-amd64-cygwin\jdk8u231\13620\hotspot\src\share\vm\classfile\systemDictionary.cpp, line 210
Event: 34.574 Thread 0x000000001c1d0800 Exception <a 'java/lang/ClassNotFoundException': org/springframework/context/support/LiveBeansView> (0x00000000dc7a61b8) thrown at [C:\re\workspace\8-2-build-windows-amd64-cygwin\jdk8u231\13620\hotspot\src\share\vm\classfile\systemDictionary.cpp, line 210

Events (10 events):
Event: 429.277 Executing VM operation: RedefineClasses done
Event: 429.297 Executing VM operation: ChangeBreakpoints
Event: 429.299 Executing VM operation: ChangeBreakpoints done
Event: 429.320 Executing VM operation: ChangeBreakpoints
Event: 429.323 Executing VM operation: ChangeBreakpoints done
Event: 429.376 Executing VM operation: GetOwnedMonitorInfo
Event: 429.376 Executing VM operation: GetOwnedMonitorInfo done
Event: 429.377 Executing VM operation: GetCurrentContendedMonitor
Event: 429.377 Executing VM operation: GetCurrentContendedMonitor done
Event: 429.384 Executing VM operation: GetOrSetLocal


Dynamic libraries:
0x00007ff76d280000 - 0x00007ff76d2b7000 	C:\Program Files\Java\jdk1.8.0_231\bin\javaw.exe
0x00007fff18e20000 - 0x00007fff19010000 	C:\WINDOWS\SYSTEM32\ntdll.dll
0x00007fff17840000 - 0x00007fff178f2000 	C:\WINDOWS\System32\KERNEL32.DLL
0x00007fff16b50000 - 0x00007fff16df3000 	C:\WINDOWS\System32\KERNELBASE.dll
0x00007fff16ed0000 - 0x00007fff16f73000 	C:\WINDOWS\System32\ADVAPI32.dll
0x00007fff18100000 - 0x00007fff1819e000 	C:\WINDOWS\System32\msvcrt.dll
0x00007fff18bf0000 - 0x00007fff18c87000 	C:\WINDOWS\System32\sechost.dll
0x00007fff18c90000 - 0x00007fff18db0000 	C:\WINDOWS\System32\RPCRT4.dll
0x00007fff17560000 - 0x00007fff176f4000 	C:\WINDOWS\System32\USER32.dll
0x00007fff15f10000 - 0x00007fff15f31000 	C:\WINDOWS\System32\win32u.dll
0x00007fff18db0000 - 0x00007fff18dd6000 	C:\WINDOWS\System32\GDI32.dll
0x00007fff16930000 - 0x00007fff16ac4000 	C:\WINDOWS\System32\gdi32full.dll
0x00007fff16810000 - 0x00007fff168ae000 	C:\WINDOWS\System32\msvcp_win.dll
0x00007fff15e10000 - 0x00007fff15f0a000 	C:\WINDOWS\System32\ucrtbase.dll
0x00007fff018a0000 - 0x00007fff01b25000 	C:\WINDOWS\WinSxS\amd64_microsoft.windows.common-controls_6595b64144ccf1df_6.0.18362.476_none_e6c4b11b130f2595\COMCTL32.dll
0x00007fff18850000 - 0x00007fff18b86000 	C:\WINDOWS\System32\combase.dll
0x00007fff16ad0000 - 0x00007fff16b50000 	C:\WINDOWS\System32\bcryptPrimitives.dll
0x00007fff181a0000 - 0x00007fff181ce000 	C:\WINDOWS\System32\IMM32.DLL
0x000000006f3e0000 - 0x000000006f4b2000 	C:\Program Files\Java\jdk1.8.0_231\jre\bin\msvcr100.dll
0x000000006e4d0000 - 0x000000006ed76000 	C:\Program Files\Java\jdk1.8.0_231\jre\bin\server\jvm.dll
0x00007fff17050000 - 0x00007fff17058000 	C:\WINDOWS\System32\PSAPI.DLL
0x00007fff12660000 - 0x00007fff12684000 	C:\WINDOWS\SYSTEM32\WINMM.dll
0x00007fff0aad0000 - 0x00007fff0aada000 	C:\WINDOWS\SYSTEM32\VERSION.dll
0x00007ffef9770000 - 0x00007ffef9779000 	C:\WINDOWS\SYSTEM32\WSOCK32.dll
0x00007fff187e0000 - 0x00007fff1884f000 	C:\WINDOWS\System32\WS2_32.dll
0x00007fff12630000 - 0x00007fff1265d000 	C:\WINDOWS\SYSTEM32\winmmbase.dll
0x00007fff168e0000 - 0x00007fff1692a000 	C:\WINDOWS\System32\cfgmgr32.dll
0x00007fff0ce10000 - 0x00007fff0ce1f000 	C:\Program Files\Java\jdk1.8.0_231\jre\bin\verify.dll
0x00007fff0c860000 - 0x00007fff0c889000 	C:\Program Files\Java\jdk1.8.0_231\jre\bin\java.dll
0x00007fff02ca0000 - 0x00007fff02cd5000 	C:\Program Files\Java\jdk1.8.0_231\jre\bin\jdwp.dll
0x00007fff0eea0000 - 0x00007fff0eea8000 	C:\Program Files\Java\jdk1.8.0_231\jre\bin\npt.dll
0x00007fff0c840000 - 0x00007fff0c856000 	C:\Program Files\Java\jdk1.8.0_231\jre\bin\zip.dll
0x00007fff17910000 - 0x00007fff17ff5000 	C:\WINDOWS\System32\SHELL32.dll
0x00007fff17350000 - 0x00007fff173f9000 	C:\WINDOWS\System32\shcore.dll
0x00007fff16090000 - 0x00007fff1680e000 	C:\WINDOWS\System32\windows.storage.dll
0x00007fff15d70000 - 0x00007fff15d8f000 	C:\WINDOWS\System32\profapi.dll
0x00007fff15d20000 - 0x00007fff15d6a000 	C:\WINDOWS\System32\powrprof.dll
0x00007fff15cf0000 - 0x00007fff15d00000 	C:\WINDOWS\System32\UMPDC.dll
0x00007fff177c0000 - 0x00007fff17812000 	C:\WINDOWS\System32\shlwapi.dll
0x00007fff15d00000 - 0x00007fff15d11000 	C:\WINDOWS\System32\kernel.appcore.dll
0x00007fff16eb0000 - 0x00007fff16ec7000 	C:\WINDOWS\System32\cryptsp.dll
0x00007fff0ee90000 - 0x00007fff0ee99000 	C:\Program Files\Java\jdk1.8.0_231\jre\bin\dt_socket.dll
0x00007ffef2cd0000 - 0x00007ffef2ce6000 	C:\WINDOWS\system32\napinsp.dll
0x00007ffef2cb0000 - 0x00007ffef2cca000 	C:\WINDOWS\system32\pnrpnsp.dll
0x00007fff15560000 - 0x00007fff155c7000 	C:\WINDOWS\System32\mswsock.dll
0x00007fff152b0000 - 0x00007fff1537a000 	C:\WINDOWS\SYSTEM32\DNSAPI.dll
0x00007fff17900000 - 0x00007fff17908000 	C:\WINDOWS\System32\NSI.dll
0x00007fff15270000 - 0x00007fff152aa000 	C:\WINDOWS\SYSTEM32\IPHLPAPI.DLL
0x00007ffef7880000 - 0x00007ffef788e000 	C:\WINDOWS\System32\winrnr.dll
0x00007fff0ed00000 - 0x00007fff0ed1c000 	C:\WINDOWS\system32\NLAapi.dll
0x00007fff0dd20000 - 0x00007fff0dd35000 	C:\WINDOWS\system32\wshbth.dll
0x00007fff07960000 - 0x00007fff079d7000 	C:\WINDOWS\System32\fwpuclnt.dll
0x00007fff168b0000 - 0x00007fff168d6000 	C:\WINDOWS\System32\bcrypt.dll
0x00007fff0aab0000 - 0x00007fff0aaba000 	C:\Windows\System32\rasadhlp.dll
0x00007fff0ccc0000 - 0x00007fff0cccd000 	C:\Program Files\Java\jdk1.8.0_231\jre\bin\management.dll
0x00007fff0c820000 - 0x00007fff0c83a000 	C:\Program Files\Java\jdk1.8.0_231\jre\bin\net.dll
0x00007fff0c800000 - 0x00007fff0c812000 	C:\Program Files\Java\jdk1.8.0_231\jre\bin\nio.dll
0x00007fff150d0000 - 0x00007fff15103000 	C:\WINDOWS\system32\rsaenh.dll
0x00007fff15c10000 - 0x00007fff15c35000 	C:\WINDOWS\SYSTEM32\USERENV.dll
0x00007fff15730000 - 0x00007fff1573c000 	C:\WINDOWS\SYSTEM32\CRYPTBASE.dll
0x00007fff09eb0000 - 0x00007fff09ec6000 	C:\WINDOWS\SYSTEM32\dhcpcsvc6.DLL
0x00007fff09e90000 - 0x00007fff09eac000 	C:\WINDOWS\SYSTEM32\dhcpcsvc.DLL
0x00007ffef9980000 - 0x00007ffef99a4000 	C:\Program Files\Java\jdk1.8.0_231\jre\bin\sunec.dll
0x00007fff0ccd0000 - 0x00007fff0ccdb000 	C:\Program Files\Java\jdk1.8.0_231\jre\bin\sunmscapi.dll
0x00007fff15f40000 - 0x00007fff16089000 	C:\WINDOWS\System32\CRYPT32.dll
0x00007fff15d90000 - 0x00007fff15da2000 	C:\WINDOWS\System32\MSASN1.dll
0x00007fff14630000 - 0x00007fff14824000 	C:\WINDOWS\SYSTEM32\dbghelp.dll

VM Arguments:
jvm_args: -agentlib:jdwp=transport=dt_socket,suspend=y,address=localhost:51210 -Dcom.sun.management.jmxremote -Dcom.sun.management.jmxremote.port=51209 -Dcom.sun.management.jmxremote.authenticate=false -Dcom.sun.management.jmxremote.ssl=false -Djava.rmi.server.hostname=localhost -Dspring.jmx.enabled=true -Dspring.application.admin.enabled=true -Xverify:none -XX:TieredStopAtLevel=1 -Dspring.boot.project.name=ROOT -Dfile.encoding=UTF-8 
java_command: myapp.Application
java_class_path (initial): C:\Users\luigi\git\AzureIAS\Application\target\classes;C:\Users\luigi\.m2\repository\org\springframework\data\spring-data-commons\2.1.10.RELEASE\spring-data-commons-2.1.10.RELEASE.jar;C:\Users\luigi\.m2\repository\org\springframework\boot\spring-boot-starter-data-jpa\2.1.7.RELEASE\spring-boot-starter-data-jpa-2.1.7.RELEASE.jar;C:\Users\luigi\.m2\repository\org\springframework\boot\spring-boot-starter-aop\2.1.7.RELEASE\spring-boot-starter-aop-2.1.7.RELEASE.jar;C:\Users\luigi\.m2\repository\org\springframework\spring-aop\5.1.9.RELEASE\spring-aop-5.1.9.RELEASE.jar;C:\Users\luigi\.m2\repository\org\aspectj\aspectjweaver\1.9.4\aspectjweaver-1.9.4.jar;C:\Users\luigi\.m2\repository\org\springframework\boot\spring-boot-starter-jdbc\2.1.7.RELEASE\spring-boot-starter-jdbc-2.1.7.RELEASE.jar;C:\Users\luigi\.m2\repository\com\zaxxer\HikariCP\3.2.0\HikariCP-3.2.0.jar;C:\Users\luigi\.m2\repository\org\springframework\spring-jdbc\5.1.9.RELEASE\spring-jdbc-5.1.9.RELEASE.jar;C:\Users\luigi\.m2\repository\javax\transaction\javax.transaction-api\1.3\javax.transaction-api-1.3.jar;C:\Users\luigi\.m2\repository\javax\xml\bind\jaxb-api\2.3.1\jaxb-api-2.3.1.jar;C:\Users\luigi\.m2\repository\javax\activation\javax.activation-api\1.2.0\javax.activation-api-1.2.0.jar;C:\Users\luigi\.m2\repository\org\hibernate\hibernate-core\5.3.10.Final\hibernate-core-5.3.10.Final.jar;C:\Users\luigi\.m2\repository\org\jboss\logging\jboss-logging\3.3.2.Final\jboss-logging-3.3.2.Final.jar;C:\Users\luigi\.m2\repository\javax\persistence\javax.persistence-api\2.2\javax.persistence-api-2.2.jar;C:\Users\luigi\.m2\repository\org\javassist\javassist\3.23.2-GA\javassist-3.23.2-GA.jar;C:\Users\luigi\.m2\repository\net\bytebuddy\byte-buddy\1.9.16\byte-buddy-1.9.16.jar;C:\Users\luigi\.m2\repository\antlr\antlr\2.7.7\antlr-2.7.7.jar;C:\Users\luigi\.m2\repository\org\jboss\jandex\2.0.5.Final\jandex-2.0.5.Final.jar;C:\Users\luigi\.m2\repository\com\fasterxml\classmate\1.4.0\classmate-1.4.0.jar;C
Launcher Type: SUN_STANDARD

Environment Variables:
JAVA_HOME=C:\Program Files\Java\jdk1.8.0_231
PATH=C:\Program Files\Java\jdk1.8.0_231\jre\bin;C:/Program Files/Java/jdk1.8.0_231/bin/../jre/bin/server;C:/Program Files/Java/jdk1.8.0_231/bin/../jre/bin;C:/Program Files/Java/jdk1.8.0_231/bin/../jre/lib/amd64;C:\Program Files (x86)\Common Files\Oracle\Java\javapath;C:\Windows\system32;C:\Windows;C:\Windows\System32\Wbem;C:\Windows\System32\WindowsPowerShell\v1.0\;C:\Windows\System32\OpenSSH\;C:\Program Files (x86)\NVIDIA Corporation\PhysX\Common;C:\Program Files\Intel\WiFi\bin\;C:\Program Files\Common Files\Intel\WirelessCommon\;C:\WINDOWS\system32;C:\WINDOWS;C:\WINDOWS\System32\Wbem;C:\WINDOWS\System32\WindowsPowerShell\v1.0\;C:\WINDOWS\System32\OpenSSH\;C:\Program Files\Git\cmd;C:\Program Files\Apache Software Foundation\apache-maven-3.6.3\bin;;C:\TDM-GCC-64\bin;C:\Users\luigi\AppData\Local\Programs\Python\Python38-32\Scripts\;C:\Users\luigi\AppData\Local\Programs\Python\Python38-32\;C:\Program Files\MySQL\MySQL Shell 8.0\bin\;C:\Users\luigi\AppData\Local\Microsoft\WindowsApps;C:\Users\luigi\AppData\Local\Programs\Microsoft VS Code\bin;C:\Users\luigi\AppData\Local\GitHubDesktop\bin;C:\WINDOWS\system32;
USERNAME=luigi
OS=Windows_NT
PROCESSOR_IDENTIFIER=Intel64 Family 6 Model 142 Stepping 11, GenuineIntel



---------------  S Y S T E M  ---------------

OS: Windows 10.0 , 64 bit Build 18362 (10.0.18362.329)

CPU:total 8 (initial active 8) (4 cores per cpu, 2 threads per core) family 6 model 142 stepping 11, cmov, cx8, fxsr, mmx, sse, sse2, sse3, ssse3, sse4.1, sse4.2, popcnt, avx, avx2, aes, clmul, erms, 3dnowpref, lzcnt, ht, tsc, tscinvbit, bmi1, bmi2, adx

Memory: 4k page, physical 8236408k(1795676k free), swap 12299640k(3215904k free)

vm_info: Java HotSpot(TM) 64-Bit Server VM (25.231-b11) for windows-amd64 JRE (1.8.0_231-b11), built on Oct  5 2019 03:11:30 by "java_re" with MS VC++ 10.0 (VS2010)

time: Sun Dec 08 16:22:53 2019
timezone: ora solare Europa occidentale
elapsed time: 429 seconds (0d 0h 7m 9s)

